-------------------------------------------------------------------------------
Test set: com.algaworks.algalog.AlgalogApiApplicationTests
-------------------------------------------------------------------------------
Tests run: 1, Failures: 0, Errors: 1, Skipped: 0, Time elapsed: 11.703 s <<< FAILURE! - in com.algaworks.algalog.AlgalogApiApplicationTests
contextLoads  Time elapsed: 0.041 s  <<< ERROR!
java.lang.IllegalStateException: Failed to load ApplicationContext
Caused by: org.springframework.beans.factory.UnsatisfiedDependencyException: Error creating bean with name 'clienteController' defined in file [C:\Users\Jan\Documents\workspace-spring-tool-suite-4-4.18.0.RELEASE1\algalog-api\target\classes\com\algaworks\algalog\api\controller\ClienteController.class]: Unsatisfied dependency expressed through constructor parameter 0; nested exception is org.springframework.beans.factory.BeanCreationException: Error creating bean with name 'clienteRepository' defined in com.algaworks.algalog.domain.repository.ClienteRepository defined in @EnableJpaRepositories declared on JpaRepositoriesRegistrar.EnableJpaRepositoriesConfiguration: Invocation of init method failed; nested exception is org.springframework.data.repository.query.QueryCreationException: Could not create query for public abstract java.util.List com.algaworks.algalog.domain.repository.ClienteRepository.findByConstaining(java.lang.String); Reason: Failed to create query for method public abstract java.util.List com.algaworks.algalog.domain.repository.ClienteRepository.findByConstaining(java.lang.String)! No property 'constaining' found for type 'Cliente'; nested exception is java.lang.IllegalArgumentException: Failed to create query for method public abstract java.util.List com.algaworks.algalog.domain.repository.ClienteRepository.findByConstaining(java.lang.String)! No property 'constaining' found for type 'Cliente'
Caused by: org.springframework.beans.factory.BeanCreationException: Error creating bean with name 'clienteRepository' defined in com.algaworks.algalog.domain.repository.ClienteRepository defined in @EnableJpaRepositories declared on JpaRepositoriesRegistrar.EnableJpaRepositoriesConfiguration: Invocation of init method failed; nested exception is org.springframework.data.repository.query.QueryCreationException: Could not create query for public abstract java.util.List com.algaworks.algalog.domain.repository.ClienteRepository.findByConstaining(java.lang.String); Reason: Failed to create query for method public abstract java.util.List com.algaworks.algalog.domain.repository.ClienteRepository.findByConstaining(java.lang.String)! No property 'constaining' found for type 'Cliente'; nested exception is java.lang.IllegalArgumentException: Failed to create query for method public abstract java.util.List com.algaworks.algalog.domain.repository.ClienteRepository.findByConstaining(java.lang.String)! No property 'constaining' found for type 'Cliente'
Caused by: org.springframework.data.repository.query.QueryCreationException: Could not create query for public abstract java.util.List com.algaworks.algalog.domain.repository.ClienteRepository.findByConstaining(java.lang.String); Reason: Failed to create query for method public abstract java.util.List com.algaworks.algalog.domain.repository.ClienteRepository.findByConstaining(java.lang.String)! No property 'constaining' found for type 'Cliente'; nested exception is java.lang.IllegalArgumentException: Failed to create query for method public abstract java.util.List com.algaworks.algalog.domain.repository.ClienteRepository.findByConstaining(java.lang.String)! No property 'constaining' found for type 'Cliente'
Caused by: java.lang.IllegalArgumentException: Failed to create query for method public abstract java.util.List com.algaworks.algalog.domain.repository.ClienteRepository.findByConstaining(java.lang.String)! No property 'constaining' found for type 'Cliente'
Caused by: org.springframework.data.mapping.PropertyReferenceException: No property 'constaining' found for type 'Cliente'

